<?xml version="1.0" encoding="UTF-8"?>
<testsuite name="TestSuite" time="8.894" tests="1" errors="0" skipped="0" failures="1">
  <properties>
[...]
</properties>
  <testcase name="TestMainPage_TestMethod" classname="com.dsbase.tests.my.MainPage_My_Test" time="8.894">
    <failure message="no such element: Unable to locate element: {&quot;method&quot;:&quot;xpath&quot;,&quot;selector&quot;:&quot;//*[@class=&apos;log&apos;]/span&quot;}&#10;  (Session info: chrome=52.0.2743.116)&#10;  (Driver info: chromedriver=2.23.409699 (49b0fa931cda1caad0ae15b7d1b68004acd05129),platform=Windows NT 6.1.7601 SP1 x86_64) (WARNING: The server did not provide any stacktrace information)&#10;Command duration or timeout: 65 milliseconds&#10;For documentation on this error, please visit: http://seleniumhq.org/exceptions/no_such_element.html&#10;Build info: version: &apos;2.50.1&apos;, revision: &apos;d7fc91b29de65b790abb01f3ac5f7ea2191c88a7&apos;, time: &apos;2016-01-29 11:11:26&apos;&#10;System info: host: &apos;rudyi&apos;, ip: &apos;192.168.128.66&apos;, os.name: &apos;Windows 7&apos;, os.arch: &apos;amd64&apos;, os.version: &apos;6.1&apos;, java.version: &apos;1.8.0_101&apos;&#10;Driver info: org.openqa.selenium.chrome.ChromeDriver&#10;Capabilities [{applicationCacheEnabled=false, rotatable=false, mobileEmulationEnabled=false, networkConnectionEnabled=false, chrome={chromedriverVersion=2.23.409699 (49b0fa931cda1caad0ae15b7d1b68004acd05129), userDataDir=C:\Users\rudyi\AppData\Local\Temp\scoped_dir6384_10231}, takesHeapSnapshot=true, databaseEnabled=false, handlesAlerts=true, hasTouchScreen=false, version=52.0.2743.116, platform=XP, browserConnectionEnabled=false, nativeEvents=true, acceptSslCerts=true, locationContextEnabled=true, webStorageEnabled=true, browserName=chrome, takesScreenshot=true, javascriptEnabled=true, cssSelectorsEnabled=true}]&#10;Session ID: 6337a9ece4898bbb08738c34baa774d7&#10;*** Element info: {Using=xpath, value=//*[@class=&apos;log&apos;]/span}" type="org.openqa.selenium.NoSuchElementException">org.openqa.selenium.NoSuchElementException: no such element: Unable to locate element: {"method":"xpath","selector":"//*[@class='log']/span"}
  (Session info: chrome=52.0.2743.116)
  (Driver info: chromedriver=2.23.409699 (49b0fa931cda1caad0ae15b7d1b68004acd05129),platform=Windows NT 6.1.7601 SP1 x86_64) (WARNING: The server did not provide any stacktrace information)
Command duration or timeout: 65 milliseconds
For documentation on this error, please visit: http://seleniumhq.org/exceptions/no_such_element.html
Build info: version: '2.50.1', revision: 'd7fc91b29de65b790abb01f3ac5f7ea2191c88a7', time: '2016-01-29 11:11:26'
System info: host: 'rudyi', ip: '192.168.128.66', os.name: 'Windows 7', os.arch: 'amd64', os.version: '6.1', java.version: '1.8.0_101'
Driver info: org.openqa.selenium.chrome.ChromeDriver
Capabilities [{applicationCacheEnabled=false, rotatable=false, mobileEmulationEnabled=false, networkConnectionEnabled=false, chrome={chromedriverVersion=2.23.409699 (49b0fa931cda1caad0ae15b7d1b68004acd05129), userDataDir=C:\Users\rudyi\AppData\Local\Temp\scoped_dir6384_10231}, takesHeapSnapshot=true, databaseEnabled=false, handlesAlerts=true, hasTouchScreen=false, version=52.0.2743.116, platform=XP, browserConnectionEnabled=false, nativeEvents=true, acceptSslCerts=true, locationContextEnabled=true, webStorageEnabled=true, browserName=chrome, takesScreenshot=true, javascriptEnabled=true, cssSelectorsEnabled=true}]
Session ID: 6337a9ece4898bbb08738c34baa774d7
*** Element info: {Using=xpath, value=//*[@class='log']/span}
	at sun.reflect.NativeConstructorAccessorImpl.newInstance0(Native Method)
	at sun.reflect.NativeConstructorAccessorImpl.newInstance(NativeConstructorAccessorImpl.java:62)
	at sun.reflect.DelegatingConstructorAccessorImpl.newInstance(DelegatingConstructorAccessorImpl.java:45)
	at java.lang.reflect.Constructor.newInstance(Constructor.java:423)
	at org.openqa.selenium.remote.ErrorHandler.createThrowable(ErrorHandler.java:206)
	at org.openqa.selenium.remote.ErrorHandler.throwIfResponseFailed(ErrorHandler.java:158)
	at org.openqa.selenium.remote.RemoteWebDriver.execute(RemoteWebDriver.java:678)
	at org.openqa.selenium.remote.RemoteWebDriver.findElement(RemoteWebDriver.java:363)
	at org.openqa.selenium.remote.RemoteWebDriver.findElementByXPath(RemoteWebDriver.java:500)
	at org.openqa.selenium.By$ByXPath.findElement(By.java:361)
	at org.openqa.selenium.remote.RemoteWebDriver.findElement(RemoteWebDriver.java:355)
	at com.dsbase.core.web.WebComponent.getWebElement(WebComponent.java:59)
	at com.dsbase.core.web.WebComponent.getText(WebComponent.java:44)
	at com.dsbase.core.web.pages.my.DrugRegistryMy.userNameCheck(DrugRegistryMy.java:42)
	at com.dsbase.tests.my.MainPage_My_Test.TestMainPage_TestMethod(MainPage_My_Test.java:26)
</failure>
    <system-err><![CDATA[Starting ChromeDriver 2.23.409699 (49b0fa931cda1caad0ae15b7d1b68004acd05129) on port 29586
Only local connections are allowed.
log4j:WARN No appenders could be found for logger (org.apache.http.client.protocol.RequestAddCookies).
log4j:WARN Please initialize the log4j system properly.
]]></system-err>
  </testcase>
</testsuite>